# JRE version: Java(TM) SE Runtime Environment (8.0_311-b11) (build 1.8.0_311-b11)
# Java VM: Java HotSpot(TM) 64-Bit Server VM (25.311-b11 mixed mode windows-amd64 compressed oops)
Heap:
 PSYoungGen      total 134656K, used 16848K [0x000000076c180000, 0x000000077a000000, 0x00000007c0000000)
  eden space 123904K, 4% used [0x000000076c180000,0x000000076c77b588,0x0000000773a80000)
  from space 10752K, 99% used [0x0000000773a80000,0x00000007744f8e30,0x0000000774500000)
  to   space 15360K, 0% used [0x0000000779100000,0x0000000779100000,0x000000077a000000)
 ParOldGen       total 82432K, used 8606K [0x00000006c4400000, 0x00000006c9480000, 0x000000076c180000)
  object space 82432K, 10% used [0x00000006c4400000,0x00000006c4c67bc8,0x00000006c9480000)
 Metaspace       used 32487K, capacity 34296K, committed 34560K, reserved 1079296K
  class space    used 4407K, capacity 4780K, committed 4864K, reserved 1048576K
GC Heap History (10 events):
Event: 2.753 GC heap before
{Heap before GC invocations=2 (full 0):
 PSYoungGen      total 75264K, used 71528K [0x000000076c180000, 0x0000000771580000, 0x00000007c0000000)
  eden space 64512K, 100% used [0x000000076c180000,0x0000000770080000,0x0000000770080000)
  from space 10752K, 65% used [0x0000000770080000,0x000000077075a2e0,0x0000000770b00000)
  to   space 10752K, 0% used [0x0000000770b00000,0x0000000770b00000,0x0000000771580000)
 ParOldGen       total 172032K, used 16K [0x00000006c4400000, 0x00000006cec00000, 0x000000076c180000)
  object space 172032K, 0% used [0x00000006c4400000,0x00000006c4404000,0x00000006cec00000)
 Metaspace       used 20243K, capacity 20898K, committed 21120K, reserved 1067008K
  class space    used 2656K, capacity 2832K, committed 2944K, reserved 1048576K
Event: 2.764 GC heap after
Heap after GC invocations=2 (full 0):
 PSYoungGen      total 75264K, used 10556K [0x000000076c180000, 0x0000000775480000, 0x00000007c0000000)
  eden space 64512K, 0% used [0x000000076c180000,0x000000076c180000,0x0000000770080000)
  from space 10752K, 98% used [0x0000000770b00000,0x000000077154f190,0x0000000771580000)
  to   space 10752K, 0% used [0x0000000770080000,0x0000000770080000,0x0000000770b00000)
 ParOldGen       total 172032K, used 24K [0x00000006c4400000, 0x00000006cec00000, 0x000000076c180000)
  object space 172032K, 0% used [0x00000006c4400000,0x00000006c4406000,0x00000006cec00000)
 Metaspace       used 20243K, capacity 20898K, committed 21120K, reserved 1067008K
  class space    used 2656K, capacity 2832K, committed 2944K, reserved 1048576K
}
Event: 2.801 GC heap before
{Heap before GC invocations=3 (full 0):
 PSYoungGen      total 75264K, used 17680K [0x000000076c180000, 0x0000000775480000, 0x00000007c0000000)
  eden space 64512K, 11% used [0x000000076c180000,0x000000076c874ea8,0x0000000770080000)
  from space 10752K, 98% used [0x0000000770b00000,0x000000077154f190,0x0000000771580000)
  to   space 10752K, 0% used [0x0000000770080000,0x0000000770080000,0x0000000770b00000)
 ParOldGen       total 172032K, used 24K [0x00000006c4400000, 0x00000006cec00000, 0x000000076c180000)
  object space 172032K, 0% used [0x00000006c4400000,0x00000006c4406000,0x00000006cec00000)
 Metaspace       used 20575K, capacity 21212K, committed 21296K, reserved 1067008K
  class space    used 2716K, capacity 2921K, committed 2944K, reserved 1048576K
Event: 2.805 GC heap after
Heap after GC invocations=3 (full 0):
 PSYoungGen      total 75264K, used 5706K [0x000000076c180000, 0x0000000775480000, 0x00000007c0000000)
  eden space 64512K, 0% used [0x000000076c180000,0x000000076c180000,0x0000000770080000)
  from space 10752K, 53% used [0x0000000770080000,0x0000000770612ab8,0x0000000770b00000)
  to   space 10752K, 0% used [0x0000000774a00000,0x0000000774a00000,0x0000000775480000)
 ParOldGen       total 172032K, used 32K [0x00000006c4400000, 0x00000006cec00000, 0x000000076c180000)
  object space 172032K, 0% used [0x00000006c4400000,0x00000006c4408000,0x00000006cec00000)
 Metaspace       used 20575K, capacity 21212K, committed 21296K, reserved 1067008K
  class space    used 2716K, capacity 2921K, committed 2944K, reserved 1048576K
}
Event: 2.805 GC heap before
{Heap before GC invocations=4 (full 1):
 PSYoungGen      total 75264K, used 5706K [0x000000076c180000, 0x0000000775480000, 0x00000007c0000000)
  eden space 64512K, 0% used [0x000000076c180000,0x000000076c180000,0x0000000770080000)
  from space 10752K, 53% used [0x0000000770080000,0x0000000770612ab8,0x0000000770b00000)
  to   space 10752K, 0% used [0x0000000774a00000,0x0000000774a00000,0x0000000775480000)
 ParOldGen       total 172032K, used 32K [0x00000006c4400000, 0x00000006cec00000, 0x000000076c180000)
  object space 172032K, 0% used [0x00000006c4400000,0x00000006c4408000,0x00000006cec00000)
 Metaspace       used 20575K, capacity 21212K, committed 21296K, reserved 1067008K
  class space    used 2716K, capacity 2921K, committed 2944K, reserved 1048576K
Event: 2.834 GC heap after
Heap after GC invocations=4 (full 1):
 PSYoungGen      total 75264K, used 0K [0x000000076c180000, 0x0000000775480000, 0x00000007c0000000)
  eden space 64512K, 0% used [0x000000076c180000,0x000000076c180000,0x0000000770080000)
  from space 10752K, 0% used [0x0000000770080000,0x0000000770080000,0x0000000770b00000)
  to   space 10752K, 0% used [0x0000000774a00000,0x0000000774a00000,0x0000000775480000)
 ParOldGen       total 82432K, used 5497K [0x00000006c4400000, 0x00000006c9480000, 0x000000076c180000)
  object space 82432K, 6% used [0x00000006c4400000,0x00000006c495e620,0x00000006c9480000)
 Metaspace       used 20573K, capacity 21206K, committed 21296K, reserved 1067008K
  class space    used 2716K, capacity 2920K, committed 2944K, reserved 1048576K
}
Event: 3.362 GC heap before
{Heap before GC invocations=5 (full 1):
 PSYoungGen      total 75264K, used 64512K [0x000000076c180000, 0x0000000775480000, 0x00000007c0000000)
  eden space 64512K, 100% used [0x000000076c180000,0x0000000770080000,0x0000000770080000)
  from space 10752K, 0% used [0x0000000770080000,0x0000000770080000,0x0000000770b00000)
  to   space 10752K, 0% used [0x0000000774a00000,0x0000000774a00000,0x0000000775480000)
 ParOldGen       total 82432K, used 5497K [0x00000006c4400000, 0x00000006c9480000, 0x000000076c180000)
  object space 82432K, 6% used [0x00000006c4400000,0x00000006c495e620,0x00000006c9480000)
 Metaspace       used 23159K, capacity 24020K, committed 24064K, reserved 1071104K
  class space    used 3101K, capacity 3319K, committed 3328K, reserved 1048576K
Event: 3.367 GC heap after
Heap after GC invocations=5 (full 1):
 PSYoungGen      total 120320K, used 5583K [0x000000076c180000, 0x0000000774f80000, 0x00000007c0000000)
  eden space 114688K, 0% used [0x000000076c180000,0x000000076c180000,0x0000000773180000)
  from space 5632K, 99% used [0x0000000774a00000,0x0000000774f73fc8,0x0000000774f80000)
  to   space 10752K, 0% used [0x0000000773a80000,0x0000000773a80000,0x0000000774500000)
 ParOldGen       total 82432K, used 5505K [0x00000006c4400000, 0x00000006c9480000, 0x000000076c180000)
  object space 82432K, 6% used [0x00000006c4400000,0x00000006c4960620,0x00000006c9480000)
 Metaspace       used 23159K, capacity 24020K, committed 24064K, reserved 1071104K
  class space    used 3101K, capacity 3319K, committed 3328K, reserved 1048576K
}
Event: 5625.604 GC heap before
{Heap before GC invocations=6 (full 1):
 PSYoungGen      total 120320K, used 120271K [0x000000076c180000, 0x0000000774f80000, 0x00000007c0000000)
  eden space 114688K, 100% used [0x000000076c180000,0x0000000773180000,0x0000000773180000)
  from space 5632K, 99% used [0x0000000774a00000,0x0000000774f73fc8,0x0000000774f80000)
  to   space 10752K, 0% used [0x0000000773a80000,0x0000000773a80000,0x0000000774500000)
 ParOldGen       total 82432K, used 5505K [0x00000006c4400000, 0x00000006c9480000, 0x000000076c180000)
  object space 82432K, 6% used [0x00000006c4400000,0x00000006c4960620,0x00000006c9480000)
 Metaspace       used 32404K, capacity 34182K, committed 34560K, reserved 1079296K
  class space    used 4395K, capacity 4743K, committed 4864K, reserved 1048576K
Event: 5625.627 GC heap after
Heap after GC invocations=6 (full 1):
 PSYoungGen      total 134656K, used 10723K [0x000000076c180000, 0x000000077a000000, 0x00000007c0000000)
  eden space 123904K, 0% used [0x000000076c180000,0x000000076c180000,0x0000000773a80000)
  from space 10752K, 99% used [0x0000000773a80000,0x00000007744f8e30,0x0000000774500000)
  to   space 15360K, 0% used [0x0000000779100000,0x0000000779100000,0x000000077a000000)
 ParOldGen       total 82432K, used 8606K [0x00000006c4400000, 0x00000006c9480000, 0x000000076c180000)
  object space 82432K, 10% used [0x00000006c4400000,0x00000006c4c67bc8,0x00000006c9480000)
 Metaspace       used 32404K, capacity 34182K, committed 34560K, reserved 1079296K
  class space    used 4395K, capacity 4743K, committed 4864K, reserved 1048576K
}

